[2023-12-01 12:22:30.981314] Bootstrap log:
which: no python3.10 in (/usr/local/sbin:/usr/local/bin:/usr/bin:/usr/lib/jvm/default/bin:/usr/bin/site_perl:/usr/bin/vendor_perl:/usr/bin/core_perl:/home/kevin/.local/bin)
which: no python3.9 in (/usr/local/sbin:/usr/local/bin:/usr/bin:/usr/lib/jvm/default/bin:/usr/bin/site_perl:/usr/bin/vendor_perl:/usr/bin/core_perl:/home/kevin/.local/bin)
which: no python3.8 in (/usr/local/sbin:/usr/local/bin:/usr/bin:/usr/lib/jvm/default/bin:/usr/bin/site_perl:/usr/bin/vendor_perl:/usr/bin/core_perl:/home/kevin/.local/bin)
which: no python3.7 in (/usr/local/sbin:/usr/local/bin:/usr/bin:/usr/lib/jvm/default/bin:/usr/bin/site_perl:/usr/bin/vendor_perl:/usr/bin/core_perl:/home/kevin/.local/bin)
which: no python3.6 in (/usr/local/sbin:/usr/local/bin:/usr/bin:/usr/lib/jvm/default/bin:/usr/bin/site_perl:/usr/bin/vendor_perl:/usr/bin/core_perl:/home/kevin/.local/bin)
Identified Python 3.11.6 at /usr/bin/python3.11
[Bootstrap] Identified pip 23.3.1 from /usr/lib/python3.11/site-packages/pip (python 3.11)' at /usr/bin/python3.11 -m pip
[Bootstrap] Identified 'pipenv, version 2023.11.15' at /usr/bin/python3.11 -m pipenv
[Bootstrap] Running '/usr/bin/python3.11 -m pipenv install --python 3.11' to ensure the existence of a virtual environment.
[Bootstrap] This may take a moment.
Installing dependencies from Pipfile.lock (df9bb1)...
To activate this project's virtualenv, run pipenv shell.
Alternatively, run a command inside the virtualenv with pipenv run.
[Bootstrap] Running the script in a virtual environment.
/usr/bin/python3.11 -m pipenv run python3 ./main.py

[2023-12-01 12:22:30.981355] === Welcome ===
[2023-12-01 12:22:31.054902] Please review the currently saved information about your team:
[2023-12-01 12:22:31.055023]  1 - First name: Kevin; Last name: Klauser; Matriculation number: 5451582
[2023-12-01 12:22:35.044602] 
[2023-12-01 12:22:36.661503] 
[2023-12-01 12:22:36.661626] === Submitting ===
[2023-12-01 12:22:37.922376] 
[2023-12-01 12:22:39.447668] 
[2023-12-01 12:22:39.447780] Selected variant 'Java SPL Compiler' for assignment 'Aufgabe-1'.
[2023-12-01 12:22:39.502157] === Building submission ===
[2023-12-01 12:22:39.502237] Running 'mvn clean compile'.
[2023-12-01 12:22:39.502263] === Building submission finished ===
[2023-12-01 12:22:44.260230] === Cleaning directory for submission ===
[2023-12-01 12:22:44.265661] === Cleaning directory finished ===
[2023-12-01 12:22:44.344146] === Starting Upload ===
[2023-12-01 12:22:44.604865] === Upload finished ===
[2023-12-01 12:22:44.604947] === BEGIN Upload Log
[2023-12-01 12:22:44.604999] [2023-12-01 12:22:44.718786] Received submission 5743c2f8-641c-4de4-8f71-da471e05dc96
[2023-12-01 12:22:44.719421] Ip: 10.196.109.93
[2023-12-01 12:22:44.719669] Team members: [('Klauser', 'Kevin', '5451582')]
[2023-12-01 12:22:44.725735] Your submission was ACCEPTED for course 'Compilerbau-ss23', assignment 'Aufgabe-1'.
[2023-12-01 12:22:44.725949] Your submission has the id 5743c2f8-641c-4de4-8f71-da471e05dc96.
[2023-12-01 12:22:44.726401] It will be evaluated shortly. Please check back soon for your results.

[2023-12-01 12:22:44.605050] === END Upload Log
[2023-12-01 12:22:44.605103] Successfully submitted your solution. Please see the upload log above for more details.
[2023-12-01 12:22:44.606933] Polling for results (Press CTRL + C to abort).
[2023-12-01 12:22:44.684671] .
[2023-12-01 12:22:45.764381] .
[2023-12-01 12:22:46.839907] .
[2023-12-01 12:22:47.924025] .
[2023-12-01 12:22:48.999465] .
[2023-12-01 12:22:50.079879] .
[2023-12-01 12:22:51.171784] .
[2023-12-01 12:22:52.248903] .
[2023-12-01 12:22:53.328767] .
[2023-12-01 12:22:54.406615] .
[2023-12-01 12:22:55.493853] .
[2023-12-01 12:22:56.579949] .
[2023-12-01 12:22:57.661379] .
[2023-12-01 12:22:58.744635] .
[2023-12-01 12:22:59.823195] .
[2023-12-01 12:23:00.898199] .
[2023-12-01 12:23:01.974716] .
[2023-12-01 12:23:03.051395] .
[2023-12-01 12:23:04.131640] .
[2023-12-01 12:23:05.223438] .
[2023-12-01 12:23:06.300858] .
[2023-12-01 12:23:07.383988] .
[2023-12-01 12:23:08.465242] .
[2023-12-01 12:23:09.544810] .
[2023-12-01 12:23:10.621645] .
[2023-12-01 12:23:11.702327] .
[2023-12-01 12:23:12.804704] .
[2023-12-01 12:23:13.881875] .
[2023-12-01 12:23:15.049023] .
[2023-12-01 12:23:16.245797] .
[2023-12-01 12:23:17.672507] 
=== Evaluation results for submission '5743c2f8-641c-4de4-8f71-da471e05dc96' retrieved. ===
[2023-12-01 12:23:17.672587] You achieved the score 26/29 (89%).
[2023-12-01 12:23:17.672613] You have NOT PASSED this assignment.
[2023-12-01 12:23:24.293803] === BEGIN Evaluation Log
[2023-12-01 12:23:24.293987] [2023-12-01 12:22:44.727323] Start of evaluation log for submission '5743c2f8-641c-4de4-8f71-da471e05dc96'.
[2023-12-01 12:22:44.727595] Team member: ('Klauser', 'Kevin', '5451582')
[2023-12-01 12:22:44.744838] Preparing the sandbox
[2023-12-01 12:22:45.496769] Unpacking submission in sandbox
[2023-12-01 12:22:45.939233] Building the test subject
[2023-12-01 12:22:45.939515] Identified the Java variant.
[2023-12-01 12:22:46.088199] Building Java solution with maven.
[2023-12-01 12:22:56.896145] Maven log:
[INFO] Scanning for projects...
[INFO] 
[INFO] --------------< de.thm.mni.compilerbau.spl-reference:spl >--------------
[INFO] Building spl 0.1
[INFO] --------------------------------[ jar ]---------------------------------
[INFO] 
[INFO] --- jflex-maven-plugin:1.7.0:generate (default) @ spl ---
[INFO]   generated /home/solution/java/target/generated-sources/jflex/de/thm/mni/compilerbau/phases/_01_scanner/Scanner.java
[INFO] 
[INFO] --- cup-maven-plugin:11b-20160615:generate (default) @ spl ---
Warning : *** Shift/Reduce conflict found in state #75
  between ifStatement ::= IF LPAREN comparisonOperation RPAREN procInstruction (*) 
  and     ifStatement ::= IF LPAREN comparisonOperation RPAREN procInstruction (*) ELSE procInstruction 
  under symbol ELSE
  Resolved in favor of shifting.

[INFO]   generated /home/solution/java/target/generated-sources/cup/de/thm/mni/compilerbau/phases/_02_03_parser/Parser.java
[INFO]   generated /home/solution/java/target/generated-sources/cup/de/thm/mni/compilerbau/phases/_02_03_parser/Sym.java
[INFO] 
[INFO] --- maven-resources-plugin:2.6:resources (default-resources) @ spl ---
[INFO] Using 'UTF-8' encoding to copy filtered resources.
[INFO] skip non existing resourceDirectory /home/solution/java/src/main/resources
[INFO] 
[INFO] --- maven-compiler-plugin:3.10.1:compile (default-compile) @ spl ---
[INFO] Changes detected - recompiling the module!
[INFO] Compiling 57 source files to /home/solution/java/target/classes
[INFO] /home/solution/java/target/generated-sources/jflex/de/thm/mni/compilerbau/phases/_01_scanner/Scanner.java: /home/solution/java/target/generated-sources/jflex/de/thm/mni/compilerbau/phases/_01_scanner/Scanner.java uses or overrides a deprecated API that is marked for removal.
[INFO] /home/solution/java/target/generated-sources/jflex/de/thm/mni/compilerbau/phases/_01_scanner/Scanner.java: Recompile with -Xlint:removal for details.
[INFO] /home/solution/java/target/generated-sources/cup/de/thm/mni/compilerbau/phases/_02_03_parser/Parser.java: /home/solution/java/target/generated-sources/cup/de/thm/mni/compilerbau/phases/_02_03_parser/Parser.java uses unchecked or unsafe operations.
[INFO] /home/solution/java/target/generated-sources/cup/de/thm/mni/compilerbau/phases/_02_03_parser/Parser.java: Recompile with -Xlint:unchecked for details.
[INFO] 
[INFO] --- maven-resources-plugin:2.6:testResources (default-testResources) @ spl ---
[INFO] Using 'UTF-8' encoding to copy filtered resources.
[INFO] skip non existing resourceDirectory /home/solution/java/src/test/resources
[INFO] 
[INFO] --- maven-compiler-plugin:3.10.1:testCompile (default-testCompile) @ spl ---
[INFO] No sources to compile
[INFO] 
[INFO] --- maven-surefire-plugin:2.12.4:test (default-test) @ spl ---
[INFO] No tests to run.
[INFO] 
[INFO] --- maven-jar-plugin:2.4:jar (default-jar) @ spl ---
[INFO] Building jar: /home/solution/java/target/spl.jar
[INFO] 
[INFO] --- maven-shade-plugin:3.1.0:shade (default) @ spl ---
[INFO] Including com.github.vbmacher:java-cup-runtime:jar:11b-20160615 in the shaded jar.
[INFO] Replacing original artifact with shaded artifact.
[INFO] Replacing /home/solution/java/target/spl.jar with /home/solution/java/target/spl-0.1-shaded.jar
[INFO] Dependency-reduced POM written at: /home/solution/java/dependency-reduced-pom.xml
[INFO] ------------------------------------------------------------------------
[INFO] BUILD SUCCESS
[INFO] ------------------------------------------------------------------------
[INFO] Total time:  8.082 s
[INFO] Finished at: 2023-12-01T11:22:56Z
[INFO] ------------------------------------------------------------------------
[2023-12-01 12:22:57.041617] Beginning evaluation.
[2023-12-01 12:22:57.041793] Evaluating acker.spl with the submitted solution.
[2023-12-01 12:22:57.354144] Test subject results match (Success).
[2023-12-01 12:22:57.357350] Outputs match.
[2023-12-01 12:22:57.357380] Test passed.
[2023-12-01 12:22:57.357397] Running Score: 1/1

[2023-12-01 12:22:57.357421] Evaluating assignment_without_semicolon.spl with the submitted solution.
[2023-12-01 12:22:57.677189] Test subject results match (Compiler Failure).
[2023-12-01 12:22:57.677224] Exit code matches the expected exit code (100).
[2023-12-01 12:22:57.677250] Test passed.
[2023-12-01 12:22:57.677266] Running Score: 2/2

[2023-12-01 12:22:57.677288] Evaluating bigtest.spl with the submitted solution.
[2023-12-01 12:22:58.119182] Test subject results match (Success).
[2023-12-01 12:22:58.123152] Outputs differ. 'diff'-log (Expected output first, Limited to 50 lines/10000 characters):
394,395c394,397
<               UnaryExpression(
<                 MINUS,
---
>               BinaryExpression(
>                 SUB,
>                 IntLiteral(
>                   0),
474,475c476,479
<           UnaryExpression(
<             MINUS,
---
>           BinaryExpression(
>             SUB,
>             IntLiteral(
>               0),
558,559c562,565
<         UnaryExpression(
<           MINUS,
---
>         BinaryExpression(
>           SUB,
>           IntLiteral(
>             0),
572,573c578,581
<             UnaryExpression(
<               MINUS,
---
>             BinaryExpression(
>               SUB,
>               IntLiteral(
>                 0),
583,584c591,594
<           UnaryExpression(
<             MINUS,
---
>           BinaryExpression(
>             SUB,
>             IntLiteral(
>               0),
593,594c603,606
<             UnaryExpression(
<               MINUS,
---
>             BinaryExpression(
>               SUB,
>               IntLiteral(
>                 0),
638,639c650,653
<           UnaryExpression(
[2023-12-01 12:22:58.123439] Test not passed.
[2023-12-01 12:22:58.123684] Running Score: 2/3

[2023-12-01 12:22:58.123725] Evaluating bits.spl with the submitted solution.
[2023-12-01 12:22:58.438090] Test subject results match (Success).
[2023-12-01 12:22:58.440587] Outputs match.
[2023-12-01 12:22:58.440738] Test passed.
[2023-12-01 12:22:58.440769] Running Score: 3/4

[2023-12-01 12:22:58.440796] Evaluating call_without_semicolon.spl with the submitted solution.
[2023-12-01 12:22:58.760074] Test subject results match (Compiler Failure).
[2023-12-01 12:22:58.760108] Exit code matches the expected exit code (100).
[2023-12-01 12:22:58.760132] Test passed.
[2023-12-01 12:22:58.760148] Running Score: 4/5

[2023-12-01 12:22:58.760171] Evaluating gcd.spl with the submitted solution.
[2023-12-01 12:22:59.083520] Test subject results match (Success).
[2023-12-01 12:22:59.086097] Outputs match.
[2023-12-01 12:22:59.086248] Test passed.
[2023-12-01 12:22:59.086804] Running Score: 5/6

[2023-12-01 12:22:59.086837] Evaluating global_variable.spl with the submitted solution.
[2023-12-01 12:22:59.410243] Test subject results match (Compiler Failure).
[2023-12-01 12:22:59.410277] Exit code matches the expected exit code (100).
[2023-12-01 12:22:59.410302] Test passed.
[2023-12-01 12:22:59.410317] Running Score: 6/7

[2023-12-01 12:22:59.410341] Evaluating lambda.spl with the submitted solution.
[2023-12-01 12:23:00.137462] Test subject results match (Success).
[2023-12-01 12:23:00.145532] Outputs differ. 'diff'-log (Expected output first, Limited to 50 lines/10000 characters):
3111,3112c3111,3114
<                               UnaryExpression(
<                                 MINUS,
---
>                               BinaryExpression(
>                                 SUB,
>                                 IntLiteral(
>                                   0),
3582,3583c3584,3587
<                                 UnaryExpression(
<                                   MINUS,
---
>                                 BinaryExpression(
>                                   SUB,
>                                   IntLiteral(
>                                     0),
4030,4031c4034,4037
<                   UnaryExpression(
<                     MINUS,
---
>                   BinaryExpression(
>                     SUB,
>                     IntLiteral(
>                       0),
4078,4079c4084,4087
<                     UnaryExpression(
<                       MINUS,
---
>                     BinaryExpression(
>                       SUB,
>                       IntLiteral(
>                         0),
4375,4376c4383,4386
<               UnaryExpression(
<                 MINUS,
---
>               BinaryExpression(
>                 SUB,
>                 IntLiteral(
>                   0),
4414,4415c4424,4427
<             UnaryExpression(
<               MINUS,
---
>             BinaryExpression(
>               SUB,
>               IntLiteral(
>                 0),
4684,4685c4696,4699
<               UnaryExpression(
[2023-12-01 12:23:00.146154] Test not passed.
[2023-12-01 12:23:00.146180] Running Score: 6/8

[2023-12-01 12:23:00.146322] Evaluating multiply.spl with the submitted solution.
[2023-12-01 12:23:00.452215] Test subject results match (Success).
[2023-12-01 12:23:00.455135] Outputs match.
[2023-12-01 12:23:00.455166] Test passed.
[2023-12-01 12:23:00.455181] Running Score: 7/9

[2023-12-01 12:23:00.455205] Evaluating partind1.spl with the submitted solution.
[2023-12-01 12:23:00.779450] Test subject results match (Success).
[2023-12-01 12:23:00.783594] Outputs match.
[2023-12-01 12:23:00.783624] Test passed.
[2023-12-01 12:23:00.783639] Running Score: 8/10

[2023-12-01 12:23:00.783664] Evaluating partind2.spl with the submitted solution.
[2023-12-01 12:23:01.137072] Test subject results match (Success).
[2023-12-01 12:23:01.139666] Outputs match.
[2023-12-01 12:23:01.139695] Test passed.
[2023-12-01 12:23:01.139710] Running Score: 9/11

[2023-12-01 12:23:01.139735] Evaluating queens.spl with the submitted solution.
[2023-12-01 12:23:01.511448] Test subject results match (Success).
[2023-12-01 12:23:01.514043] Outputs match.
[2023-12-01 12:23:01.514190] Test passed.
[2023-12-01 12:23:01.514221] Running Score: 10/12

[2023-12-01 12:23:01.514794] Evaluating reftest.spl with the submitted solution.
[2023-12-01 12:23:01.814058] Test subject results match (Success).
[2023-12-01 12:23:01.816682] Outputs match.
[2023-12-01 12:23:01.817147] Test passed.
[2023-12-01 12:23:01.817176] Running Score: 11/13

[2023-12-01 12:23:01.817201] Evaluating sierpinski.spl with the submitted solution.
[2023-12-01 12:23:02.289029] Test subject results match (Success).
[2023-12-01 12:23:02.292489] Outputs match.
[2023-12-01 12:23:02.292520] Test passed.
[2023-12-01 12:23:02.292536] Running Score: 12/14

[2023-12-01 12:23:02.292563] Evaluating swap.spl with the submitted solution.
[2023-12-01 12:23:02.612674] Test subject results match (Success).
[2023-12-01 12:23:02.615272] Outputs match.
[2023-12-01 12:23:02.615423] Test passed.
[2023-12-01 12:23:02.615455] Running Score: 13/15

[2023-12-01 12:23:02.616015] Evaluating test1.spl with the submitted solution.
[2023-12-01 12:23:02.911135] Test subject results match (Success).
[2023-12-01 12:23:02.913714] Outputs match.
[2023-12-01 12:23:02.913743] Test passed.
[2023-12-01 12:23:02.913901] Running Score: 14/16

[2023-12-01 12:23:02.913934] Evaluating test2.spl with the submitted solution.
[2023-12-01 12:23:03.220778] Test subject results match (Success).
[2023-12-01 12:23:03.222866] Outputs match.
[2023-12-01 12:23:03.222900] Test passed.
[2023-12-01 12:23:03.222918] Running Score: 15/17

[2023-12-01 12:23:03.222943] Evaluating test3.spl with the submitted solution.
[2023-12-01 12:23:03.585555] Test subject results match (Success).
[2023-12-01 12:23:03.588229] Outputs match.
[2023-12-01 12:23:03.588847] Test passed.
[2023-12-01 12:23:03.588874] Running Score: 16/18

[2023-12-01 12:23:03.588900] Evaluating test4.spl with the submitted solution.
[2023-12-01 12:23:03.896409] Test subject results match (Success).
[2023-12-01 12:23:03.899102] Outputs match.
[2023-12-01 12:23:03.899698] Test passed.
[2023-12-01 12:23:03.899725] Running Score: 17/19

[2023-12-01 12:23:03.899751] Evaluating test5.spl with the submitted solution.
[2023-12-01 12:23:04.215978] Test subject results match (Success).
[2023-12-01 12:23:04.218309] Outputs match.
[2023-12-01 12:23:04.218889] Test passed.
[2023-12-01 12:23:04.218917] Running Score: 18/20

[2023-12-01 12:23:04.218944] Evaluating test7.spl with the submitted solution.
[2023-12-01 12:23:04.524149] Test subject results match (Success).
[2023-12-01 12:23:04.526706] Outputs match.
[2023-12-01 12:23:04.526738] Test passed.
[2023-12-01 12:23:04.526754] Running Score: 19/21

[2023-12-01 12:23:04.526780] Evaluating test8.spl with the submitted solution.
[2023-12-01 12:23:04.877656] Test subject results match (Success).
[2023-12-01 12:23:04.880475] Outputs differ. 'diff'-log (Expected output first, Limited to 50 lines/10000 characters):
17,18c17,20
<           UnaryExpression(
<             MINUS,
---
>           BinaryExpression(
>             SUB,
>             IntLiteral(
>               0),
[2023-12-01 12:23:04.881642] Test not passed.
[2023-12-01 12:23:04.881669] Running Score: 19/22

[2023-12-01 12:23:04.881695] Evaluating test9.spl with the submitted solution.
[2023-12-01 12:23:05.190176] Test subject results match (Success).
[2023-12-01 12:23:05.194470] Outputs match.
[2023-12-01 12:23:05.194501] Test passed.
[2023-12-01 12:23:05.194516] Running Score: 20/23

[2023-12-01 12:23:05.194542] Evaluating threedim.spl with the submitted solution.
[2023-12-01 12:23:05.546127] Test subject results match (Success).
[2023-12-01 12:23:05.549199] Outputs match.
[2023-12-01 12:23:05.549228] Test passed.
[2023-12-01 12:23:05.549245] Running Score: 21/24

[2023-12-01 12:23:05.549269] Evaluating time.spl with the submitted solution.
[2023-12-01 12:23:05.857574] Test subject results match (Success).
[2023-12-01 12:23:05.860473] Outputs match.
[2023-12-01 12:23:05.860650] Test passed.
[2023-12-01 12:23:05.860675] Running Score: 22/25

[2023-12-01 12:23:05.860703] Evaluating trailing_argument_comma.spl with the submitted solution.
[2023-12-01 12:23:06.203389] Test subject results match (Compiler Failure).
[2023-12-01 12:23:06.203425] Exit code matches the expected exit code (100).
[2023-12-01 12:23:06.203450] Test passed.
[2023-12-01 12:23:06.203464] Running Score: 23/26

[2023-12-01 12:23:06.203490] Evaluating trailing_parameter_comma.spl with the submitted solution.
[2023-12-01 12:23:06.542462] Test subject results match (Compiler Failure).
[2023-12-01 12:23:06.542496] Exit code matches the expected exit code (100).
[2023-12-01 12:23:06.542518] Test passed.
[2023-12-01 12:23:06.542533] Running Score: 24/27

[2023-12-01 12:23:06.542554] Evaluating twodim.spl with the submitted solution.
[2023-12-01 12:23:06.874696] Test subject results match (Success).
[2023-12-01 12:23:06.877504] Outputs match.
[2023-12-01 12:23:06.877540] Test passed.
[2023-12-01 12:23:06.879132] Running Score: 25/28

[2023-12-01 12:23:06.879170] Evaluating unary_plus.spl with the submitted solution.
[2023-12-01 12:23:07.198471] Test subject results match (Compiler Failure).
[2023-12-01 12:23:07.198507] Exit code matches the expected exit code (100).
[2023-12-01 12:23:07.198529] Test passed.
[2023-12-01 12:23:07.198543] Running Score: 26/29

[2023-12-01 12:23:07.198588] Final score: 26/29 (89%). 
[2023-12-01 12:23:07.198690] 100% are needed to pass.
[2023-12-01 12:23:17.438246] You have NOT PASSED this assignment.
[2023-12-01 12:23:17.438520] You can try again. Deadline: 01.12.2023 23:59

[2023-12-01 12:23:24.294085] === END Evaluation Log
[2023-12-01 12:23:24.294176] NOTE: This evaluation log is also available at '/home/kevin/Dokumente/Compilerbau/spl-compiler-skeleton/.submitscript/data/assignments/Aufgabe-1/submissions/[evaluated] 5743c2f8-641c-4de4-8f71-da471e05dc96/evaluation.log'
[2023-12-01 12:23:24.294267] 
