[2023-12-01 12:29:59.300680] Bootstrap log:
which: no python3.10 in (/usr/local/sbin:/usr/local/bin:/usr/bin:/usr/lib/jvm/default/bin:/usr/bin/site_perl:/usr/bin/vendor_perl:/usr/bin/core_perl:/home/kevin/.local/bin)
which: no python3.9 in (/usr/local/sbin:/usr/local/bin:/usr/bin:/usr/lib/jvm/default/bin:/usr/bin/site_perl:/usr/bin/vendor_perl:/usr/bin/core_perl:/home/kevin/.local/bin)
which: no python3.8 in (/usr/local/sbin:/usr/local/bin:/usr/bin:/usr/lib/jvm/default/bin:/usr/bin/site_perl:/usr/bin/vendor_perl:/usr/bin/core_perl:/home/kevin/.local/bin)
which: no python3.7 in (/usr/local/sbin:/usr/local/bin:/usr/bin:/usr/lib/jvm/default/bin:/usr/bin/site_perl:/usr/bin/vendor_perl:/usr/bin/core_perl:/home/kevin/.local/bin)
which: no python3.6 in (/usr/local/sbin:/usr/local/bin:/usr/bin:/usr/lib/jvm/default/bin:/usr/bin/site_perl:/usr/bin/vendor_perl:/usr/bin/core_perl:/home/kevin/.local/bin)
Identified Python 3.11.6 at /usr/bin/python3.11
[Bootstrap] Identified pip 23.3.1 from /usr/lib/python3.11/site-packages/pip (python 3.11)' at /usr/bin/python3.11 -m pip
[Bootstrap] Identified 'pipenv, version 2023.11.15' at /usr/bin/python3.11 -m pipenv
[Bootstrap] Running '/usr/bin/python3.11 -m pipenv install --python 3.11' to ensure the existence of a virtual environment.
[Bootstrap] This may take a moment.
Installing dependencies from Pipfile.lock (df9bb1)...
To activate this project's virtualenv, run pipenv shell.
Alternatively, run a command inside the virtualenv with pipenv run.
[Bootstrap] Running the script in a virtual environment.
/usr/bin/python3.11 -m pipenv run python3 ./main.py

[2023-12-01 12:29:59.300718] === Welcome ===
[2023-12-01 12:29:59.384607] Please review the currently saved information about your team:
[2023-12-01 12:29:59.384749]  1 - First name: Kevin; Last name: Klauser; Matriculation number: 5451582
[2023-12-01 12:30:01.976783] 
[2023-12-01 12:30:03.198846] 
[2023-12-01 12:30:03.198954] === Submitting ===
[2023-12-01 12:30:04.280159] 
[2023-12-01 12:30:05.347556] 
[2023-12-01 12:30:05.347676] Selected variant 'Java SPL Compiler' for assignment 'Aufgabe-1'.
[2023-12-01 12:30:05.409446] === Building submission ===
[2023-12-01 12:30:05.409550] Running 'mvn clean compile'.
[2023-12-01 12:30:05.409588] === Building submission finished ===
[2023-12-01 12:30:09.987848] Building your solution failed!
[2023-12-01 12:30:24.188153] Aborting submission.
[2023-12-01 12:30:24.197228] 
