[2023-12-01 12:42:08.871828] Bootstrap log:
which: no python3.10 in (/usr/local/sbin:/usr/local/bin:/usr/bin:/usr/lib/jvm/default/bin:/usr/bin/site_perl:/usr/bin/vendor_perl:/usr/bin/core_perl:/home/kevin/.local/bin)
which: no python3.9 in (/usr/local/sbin:/usr/local/bin:/usr/bin:/usr/lib/jvm/default/bin:/usr/bin/site_perl:/usr/bin/vendor_perl:/usr/bin/core_perl:/home/kevin/.local/bin)
which: no python3.8 in (/usr/local/sbin:/usr/local/bin:/usr/bin:/usr/lib/jvm/default/bin:/usr/bin/site_perl:/usr/bin/vendor_perl:/usr/bin/core_perl:/home/kevin/.local/bin)
which: no python3.7 in (/usr/local/sbin:/usr/local/bin:/usr/bin:/usr/lib/jvm/default/bin:/usr/bin/site_perl:/usr/bin/vendor_perl:/usr/bin/core_perl:/home/kevin/.local/bin)
which: no python3.6 in (/usr/local/sbin:/usr/local/bin:/usr/bin:/usr/lib/jvm/default/bin:/usr/bin/site_perl:/usr/bin/vendor_perl:/usr/bin/core_perl:/home/kevin/.local/bin)
Identified Python 3.11.6 at /usr/bin/python3.11
[Bootstrap] Identified pip 23.3.1 from /usr/lib/python3.11/site-packages/pip (python 3.11)' at /usr/bin/python3.11 -m pip
[Bootstrap] Identified 'pipenv, version 2023.11.15' at /usr/bin/python3.11 -m pipenv
[Bootstrap] Running '/usr/bin/python3.11 -m pipenv install --python 3.11' to ensure the existence of a virtual environment.
[Bootstrap] This may take a moment.
Installing dependencies from Pipfile.lock (df9bb1)...
To activate this project's virtualenv, run pipenv shell.
Alternatively, run a command inside the virtualenv with pipenv run.
[Bootstrap] Running the script in a virtual environment.
/usr/bin/python3.11 -m pipenv run python3 ./main.py

[2023-12-01 12:42:08.871871] === Welcome ===
[2023-12-01 12:42:08.969757] Please review the currently saved information about your team:
[2023-12-01 12:42:08.969975]  1 - First name: Kevin; Last name: Klauser; Matriculation number: 5451582
[2023-12-01 12:42:10.733500] 
[2023-12-01 12:42:12.099923] 
[2023-12-01 12:42:12.100033] === Submitting ===
[2023-12-01 12:42:13.227090] 
[2023-12-01 12:42:14.203976] 
[2023-12-01 12:42:14.204078] Selected variant 'Java SPL Compiler' for assignment 'Aufgabe-1'.
[2023-12-01 12:42:14.257931] === Building submission ===
[2023-12-01 12:42:14.258003] Running 'mvn clean compile'.
[2023-12-01 12:42:14.258027] === Building submission finished ===
[2023-12-01 12:42:18.922445] === Cleaning directory for submission ===
[2023-12-01 12:42:18.928048] === Cleaning directory finished ===
[2023-12-01 12:42:19.044785] === Starting Upload ===
[2023-12-01 12:42:19.221300] === Upload finished ===
[2023-12-01 12:42:19.221384] === BEGIN Upload Log
[2023-12-01 12:42:19.221418] [2023-12-01 12:42:19.331895] Received submission d3b1050b-86b3-4b7a-98cd-349d49b25232
[2023-12-01 12:42:19.332806] Ip: 10.196.109.93
[2023-12-01 12:42:19.333049] Team members: [('Klauser', 'Kevin', '5451582')]
[2023-12-01 12:42:19.340232] Your submission was ACCEPTED for course 'Compilerbau-ss23', assignment 'Aufgabe-1'.
[2023-12-01 12:42:19.340455] Your submission has the id d3b1050b-86b3-4b7a-98cd-349d49b25232.
[2023-12-01 12:42:19.340915] It will be evaluated shortly. Please check back soon for your results.

[2023-12-01 12:42:19.221438] === END Upload Log
[2023-12-01 12:42:19.221456] Successfully submitted your solution. Please see the upload log above for more details.
[2023-12-01 12:42:19.222680] Polling for results (Press CTRL + C to abort).
[2023-12-01 12:42:19.298457] .
[2023-12-01 12:42:20.379347] .
[2023-12-01 12:42:21.465088] .
[2023-12-01 12:42:22.547838] .
[2023-12-01 12:42:23.643521] .
[2023-12-01 12:42:24.737577] .
[2023-12-01 12:42:25.921162] .
[2023-12-01 12:42:26.998649] .
[2023-12-01 12:42:28.115909] .
[2023-12-01 12:42:29.207408] .
[2023-12-01 12:42:30.294982] .
[2023-12-01 12:42:31.387481] .
[2023-12-01 12:42:32.464856] .
[2023-12-01 12:42:33.561359] .
[2023-12-01 12:42:34.640295] .
[2023-12-01 12:42:35.725914] .
[2023-12-01 12:42:36.870437] .
[2023-12-01 12:42:37.952943] .
[2023-12-01 12:42:39.033134] .
[2023-12-01 12:42:40.131221] .
[2023-12-01 12:42:41.212254] .
[2023-12-01 12:42:42.294274] .
[2023-12-01 12:42:43.386440] .
[2023-12-01 12:42:44.468741] .
[2023-12-01 12:42:45.546605] .
[2023-12-01 12:42:46.627082] .
[2023-12-01 12:42:47.720133] .
[2023-12-01 12:42:48.824818] .
[2023-12-01 12:42:49.902272] .
[2023-12-01 12:42:50.980281] .
[2023-12-01 12:42:52.173412] 
=== Evaluation results for submission 'd3b1050b-86b3-4b7a-98cd-349d49b25232' retrieved. ===
[2023-12-01 12:42:52.173495] You achieved the score 29/29 (100%).
[2023-12-01 12:42:52.173522] You have PASSED this assignment.
[2023-12-01 12:43:03.473760] NOTE: This evaluation log is also available at '/home/kevin/Dokumente/Compilerbau/spl-compiler-skeleton/.submitscript/data/assignments/Aufgabe-1/submissions/[evaluated] d3b1050b-86b3-4b7a-98cd-349d49b25232/evaluation.log'
[2023-12-01 12:43:03.473903] 
