which: no python3.10 in (/usr/local/sbin:/usr/local/bin:/usr/bin:/usr/lib/jvm/default/bin:/usr/bin/site_perl:/usr/bin/vendor_perl:/usr/bin/core_perl:/home/kevin/.local/bin)
which: no python3.9 in (/usr/local/sbin:/usr/local/bin:/usr/bin:/usr/lib/jvm/default/bin:/usr/bin/site_perl:/usr/bin/vendor_perl:/usr/bin/core_perl:/home/kevin/.local/bin)
which: no python3.8 in (/usr/local/sbin:/usr/local/bin:/usr/bin:/usr/lib/jvm/default/bin:/usr/bin/site_perl:/usr/bin/vendor_perl:/usr/bin/core_perl:/home/kevin/.local/bin)
which: no python3.7 in (/usr/local/sbin:/usr/local/bin:/usr/bin:/usr/lib/jvm/default/bin:/usr/bin/site_perl:/usr/bin/vendor_perl:/usr/bin/core_perl:/home/kevin/.local/bin)
which: no python3.6 in (/usr/local/sbin:/usr/local/bin:/usr/bin:/usr/lib/jvm/default/bin:/usr/bin/site_perl:/usr/bin/vendor_perl:/usr/bin/core_perl:/home/kevin/.local/bin)
Identified Python 3.11.6 at /usr/bin/python3.11
[Bootstrap] Identified pip 23.3.1 from /usr/lib/python3.11/site-packages/pip (python 3.11)' at /usr/bin/python3.11 -m pip
[Bootstrap] Identified 'pipenv, version 2023.11.15' at /usr/bin/python3.11 -m pipenv
[Bootstrap] Running '/usr/bin/python3.11 -m pipenv install --python 3.11' to ensure the existence of a virtual environment.
[Bootstrap] This may take a moment.
Installing dependencies from Pipfile.lock (df9bb1)...
To activate this project's virtualenv, run pipenv shell.
Alternatively, run a command inside the virtualenv with pipenv run.
[Bootstrap] Running the script in a virtual environment.
/usr/bin/python3.11 -m pipenv run python3 ./main.py
=== Welcome ===
Please review the currently saved information about your team:
 1 - First name: Kevin; Last name: Klauser; Matriculation number: 5451582
Is this information up to date? [Y/n] 
Do you want to submit a solution now? [Y/n] 
=== Submitting ===
Please choose the assignment you want to submit. 
 1 - Aufgabe-1
 2 - Aufgabe-2
Please enter the id of your selection: 
Please choose the variant you want to submit. 
 1 - Java SPL Compiler
 2 - C SPL Compiler
 3 - Kotlin SPL Compiler
Please enter the id of your selection: 
Selected variant 'Java SPL Compiler' for assignment 'Aufgabe-1'.
=== Building submission ===
Running 'mvn clean compile'.
=== Building submission finished ===
=== Cleaning directory for submission ===
=== Cleaning directory finished ===
=== Starting Upload ===
=== Upload finished ===
=== BEGIN Upload Log
[2023-12-01 12:42:19.331895] Received submission d3b1050b-86b3-4b7a-98cd-349d49b25232
[2023-12-01 12:42:19.332806] Ip: 10.196.109.93
[2023-12-01 12:42:19.333049] Team members: [('Klauser', 'Kevin', '5451582')]
[2023-12-01 12:42:19.340232] Your submission was ACCEPTED for course 'Compilerbau-ss23', assignment 'Aufgabe-1'.
[2023-12-01 12:42:19.340455] Your submission has the id d3b1050b-86b3-4b7a-98cd-349d49b25232.
[2023-12-01 12:42:19.340915] It will be evaluated shortly. Please check back soon for your results.

=== END Upload Log
Successfully submitted your solution. Please see the upload log above for more details.
Polling for results (Press CTRL + C to abort)...............................
=== Evaluation results for submission 'd3b1050b-86b3-4b7a-98cd-349d49b25232' retrieved. ===
You achieved the score 29/29 (100%).
You have PASSED this assignment.
Do you want to view the evaluation log now? [Y/n] NOTE: This evaluation log is also available at '/home/kevin/Dokumente/Compilerbau/spl-compiler-skeleton/.submitscript/data/assignments/Aufgabe-1/submissions/[evaluated] d3b1050b-86b3-4b7a-98cd-349d49b25232/evaluation.log'

Do you want to submit another solution? [Y/n] 